[10-08-2024 14:48:45.022 INFO com_nopcommerce_account.Level_15_Assert_Verify_Sai_Test_Report] - User_01- Step 01: Verify Title is displayed
[10-08-2024 14:48:45.384 INFO com_nopcommerce_account.Level_15_Assert_Verify_Sai_Test_Report] - User_01- Step 01: Verify Title 
[10-08-2024 14:48:45.557 INFO com_nopcommerce_account.Level_15_Assert_Verify_Sai_Test_Report] - User_01- Step 02: Verify TextFooter1 
[10-08-2024 14:48:45.674 INFO com_nopcommerce_account.Level_15_Assert_Verify_Sai_Test_Report] - User_01- Step 03: Verify TextFooter2 
[10-08-2024 14:48:45.791 INFO com_nopcommerce_account.Level_15_Assert_Verify_Sai_Test_Report] - User_01- Step 04: Verify TextFooter13 
[10-08-2024 14:54:56.949 INFO com_nopcommerce_account.Level_15_Assert_Verify_Sai_Test_Report] - User_01- Step 01: Verify Title is displayed
[10-08-2024 14:54:58.126 INFO com_nopcommerce_account.Level_15_Assert_Verify_Sai_Test_Report] - -------------------------FAILED-------------------------
[10-08-2024 14:54:58.127 INFO com_nopcommerce_account.Level_15_Assert_Verify_Sai_Test_Report] - User_01- Step 01: Verify Title 
[10-08-2024 14:54:58.479 INFO com_nopcommerce_account.Level_15_Assert_Verify_Sai_Test_Report] - -------------------------PASSED-------------------------
[10-08-2024 14:54:58.481 INFO com_nopcommerce_account.Level_15_Assert_Verify_Sai_Test_Report] - User_01- Step 02: Verify TextFooter1 
[10-08-2024 14:54:58.844 INFO com_nopcommerce_account.Level_15_Assert_Verify_Sai_Test_Report] - -------------------------FAILED-------------------------
[10-08-2024 14:54:58.845 INFO com_nopcommerce_account.Level_15_Assert_Verify_Sai_Test_Report] - User_01- Step 03: Verify TextFooter2 
[10-08-2024 14:54:59.090 INFO com_nopcommerce_account.Level_15_Assert_Verify_Sai_Test_Report] - -------------------------PASSED-------------------------
[10-08-2024 14:54:59.090 INFO com_nopcommerce_account.Level_15_Assert_Verify_Sai_Test_Report] - User_01- Step 04: Verify TextFooter13 
[10-08-2024 14:54:59.255 INFO com_nopcommerce_account.Level_15_Assert_Verify_Sai_Test_Report] - -------------------------PASSED-------------------------
[10-08-2024 15:05:49.835 INFO com_nopcommerce_account.Level_15_Assert_Verify_Sai_Test_Report] - User_01- Step 01: Verify Title is displayed
[10-08-2024 15:05:50.086 INFO com_nopcommerce_account.Level_15_Assert_Verify_Sai_Test_Report] - -------------------------FAILED-------------------------
[10-08-2024 15:05:50.090 INFO com_nopcommerce_account.Level_15_Assert_Verify_Sai_Test_Report] - User_01- Step 01: Verify Title 
[10-08-2024 15:05:50.210 INFO com_nopcommerce_account.Level_15_Assert_Verify_Sai_Test_Report] - -------------------------PASSED-------------------------
[10-08-2024 15:05:50.212 INFO com_nopcommerce_account.Level_15_Assert_Verify_Sai_Test_Report] - User_01- Step 02: Verify TextFooter1 
[10-08-2024 15:05:50.287 INFO com_nopcommerce_account.Level_15_Assert_Verify_Sai_Test_Report] - -------------------------FAILED-------------------------
[10-08-2024 15:05:50.288 INFO com_nopcommerce_account.Level_15_Assert_Verify_Sai_Test_Report] - User_01- Step 03: Verify TextFooter2 
[10-08-2024 15:05:50.388 INFO com_nopcommerce_account.Level_15_Assert_Verify_Sai_Test_Report] - -------------------------PASSED-------------------------
[10-08-2024 15:05:50.388 INFO com_nopcommerce_account.Level_15_Assert_Verify_Sai_Test_Report] - User_01- Step 04: Verify TextFooter13 
[10-08-2024 15:05:50.456 INFO com_nopcommerce_account.Level_15_Assert_Verify_Sai_Test_Report] - -------------------------PASSED-------------------------
[10-08-2024 15:27:34.812 INFO com_nopcommerce_account.Level_15_Assert_Verify_Sai_Test_Report] - User_01- Step 01: Verify Title is displayed
[10-08-2024 15:27:35.368 INFO com_nopcommerce_account.Level_15_Assert_Verify_Sai_Test_Report] - -------------------------FAILED-------------------------
[10-08-2024 15:27:35.368 INFO com_nopcommerce_account.Level_15_Assert_Verify_Sai_Test_Report] - User_01- Step 01: Verify Title 
[10-08-2024 15:27:35.489 INFO com_nopcommerce_account.Level_15_Assert_Verify_Sai_Test_Report] - -------------------------PASSED-------------------------
[10-08-2024 15:27:35.508 INFO com_nopcommerce_account.Level_15_Assert_Verify_Sai_Test_Report] - User_01- Step 02: Verify TextFooter1 
[10-08-2024 15:27:35.588 INFO com_nopcommerce_account.Level_15_Assert_Verify_Sai_Test_Report] - -------------------------FAILED-------------------------
[10-08-2024 15:27:35.589 INFO com_nopcommerce_account.Level_15_Assert_Verify_Sai_Test_Report] - User_01- Step 03: Verify TextFooter2 
[10-08-2024 15:27:35.638 INFO com_nopcommerce_account.Level_15_Assert_Verify_Sai_Test_Report] - -------------------------PASSED-------------------------
[10-08-2024 15:27:35.638 INFO com_nopcommerce_account.Level_15_Assert_Verify_Sai_Test_Report] - User_01- Step 04: Verify TextFooter13 
[10-08-2024 15:27:35.693 INFO com_nopcommerce_account.Level_15_Assert_Verify_Sai_Test_Report] - -------------------------PASSED-------------------------
[10-08-2024 16:20:58.282 INFO com_nopcommerce_account.Level_15_Assert_Verify_Sai_Test_Report] - User_01- Step 01: Verify Title is displayed
[10-08-2024 16:20:58.565 INFO com_nopcommerce_account.Level_15_Assert_Verify_Sai_Test_Report] - -------------------------FAILED-------------------------
[10-08-2024 16:20:58.566 INFO com_nopcommerce_account.Level_15_Assert_Verify_Sai_Test_Report] - User_01- Step 01: Verify Title 
[10-08-2024 16:20:58.697 INFO com_nopcommerce_account.Level_15_Assert_Verify_Sai_Test_Report] - -------------------------PASSED-------------------------
[10-08-2024 16:20:58.698 INFO com_nopcommerce_account.Level_15_Assert_Verify_Sai_Test_Report] - User_01- Step 02: Verify TextFooter1 
[10-08-2024 16:20:58.801 INFO com_nopcommerce_account.Level_15_Assert_Verify_Sai_Test_Report] - -------------------------FAILED-------------------------
[10-08-2024 16:20:58.802 INFO com_nopcommerce_account.Level_15_Assert_Verify_Sai_Test_Report] - User_01- Step 03: Verify TextFooter2 
[10-08-2024 16:20:58.891 INFO com_nopcommerce_account.Level_15_Assert_Verify_Sai_Test_Report] - -------------------------PASSED-------------------------
[10-08-2024 16:20:58.893 INFO com_nopcommerce_account.Level_15_Assert_Verify_Sai_Test_Report] - User_01- Step 04: Verify TextFooter13 
[10-08-2024 16:20:59.001 INFO com_nopcommerce_account.Level_15_Assert_Verify_Sai_Test_Report] - -------------------------PASSED-------------------------
[10-08-2024 16:42:04.342 INFO com_nopcommerce_account.Level_15_Assert_Verify_Sai_Test_Report] - User_01- Step 01: Verify Title is displayed
[10-08-2024 16:42:04.562 INFO com_nopcommerce_account.Level_15_Assert_Verify_Sai_Test_Report] - -------------------------FAILED-------------------------
[10-08-2024 16:42:04.563 INFO com_nopcommerce_account.Level_15_Assert_Verify_Sai_Test_Report] - User_01- Step 01: Verify Title 
[10-08-2024 16:42:04.719 INFO com_nopcommerce_account.Level_15_Assert_Verify_Sai_Test_Report] - -------------------------PASSED-------------------------
[10-08-2024 16:42:04.721 INFO com_nopcommerce_account.Level_15_Assert_Verify_Sai_Test_Report] - User_01- Step 02: Verify TextFooter1 
[10-08-2024 16:42:04.784 INFO com_nopcommerce_account.Level_15_Assert_Verify_Sai_Test_Report] - -------------------------FAILED-------------------------
[10-08-2024 16:42:04.784 INFO com_nopcommerce_account.Level_15_Assert_Verify_Sai_Test_Report] - User_01- Step 03: Verify TextFooter2 
[10-08-2024 16:42:04.846 INFO com_nopcommerce_account.Level_15_Assert_Verify_Sai_Test_Report] - -------------------------PASSED-------------------------
[10-08-2024 16:42:04.847 INFO com_nopcommerce_account.Level_15_Assert_Verify_Sai_Test_Report] - User_01- Step 04: Verify TextFooter13 
[10-08-2024 16:42:04.895 INFO com_nopcommerce_account.Level_15_Assert_Verify_Sai_Test_Report] - -------------------------PASSED-------------------------
[10-08-2024 19:09:58.721 INFO com_nopcommerce_account.Level_15_Assert_Verify_Sai_Test_Report] - User_01- Step 01: Verify Title is displayed
[10-08-2024 19:09:59.045 INFO com_nopcommerce_account.Level_15_Assert_Verify_Sai_Test_Report] - -------------------------FAILED-------------------------
[10-08-2024 19:09:59.049 INFO com_nopcommerce_account.Level_15_Assert_Verify_Sai_Test_Report] - User_01- Step 01: Verify Title 
[10-08-2024 19:09:59.287 INFO com_nopcommerce_account.Level_15_Assert_Verify_Sai_Test_Report] - -------------------------PASSED-------------------------
[10-08-2024 19:09:59.287 INFO com_nopcommerce_account.Level_15_Assert_Verify_Sai_Test_Report] - User_01- Step 02: Verify TextFooter1 
[10-08-2024 19:09:59.407 INFO com_nopcommerce_account.Level_15_Assert_Verify_Sai_Test_Report] - -------------------------FAILED-------------------------
[10-08-2024 19:09:59.408 INFO com_nopcommerce_account.Level_15_Assert_Verify_Sai_Test_Report] - User_01- Step 03: Verify TextFooter2 
[10-08-2024 19:09:59.493 INFO com_nopcommerce_account.Level_15_Assert_Verify_Sai_Test_Report] - -------------------------PASSED-------------------------
[10-08-2024 19:09:59.494 INFO com_nopcommerce_account.Level_15_Assert_Verify_Sai_Test_Report] - User_01- Step 04: Verify TextFooter13 
[10-08-2024 19:09:59.583 INFO com_nopcommerce_account.Level_15_Assert_Verify_Sai_Test_Report] - -------------------------PASSED-------------------------
[10-08-2024 19:09:59.617 INFO com_nopcommerce_account.Level_15_Assert_Verify_Sai_Test_Report] - User_01- Step 01: Verify Title is displayed
[10-08-2024 19:09:59.780 INFO com_nopcommerce_account.Level_15_Assert_Verify_Sai_Test_Report] - -------------------------PASSED-------------------------
[10-08-2024 19:09:59.782 INFO com_nopcommerce_account.Level_15_Assert_Verify_Sai_Test_Report] - User_01- Step 01: Verify Title 
[10-08-2024 19:09:59.900 INFO com_nopcommerce_account.Level_15_Assert_Verify_Sai_Test_Report] - -------------------------PASSED-------------------------
[10-08-2024 19:09:59.900 INFO com_nopcommerce_account.Level_15_Assert_Verify_Sai_Test_Report] - User_01- Step 02: Verify TextFooter1 
[10-08-2024 19:10:00.045 INFO com_nopcommerce_account.Level_15_Assert_Verify_Sai_Test_Report] - -------------------------PASSED-------------------------
[10-08-2024 19:10:00.047 INFO com_nopcommerce_account.Level_15_Assert_Verify_Sai_Test_Report] - User_01- Step 03: Verify TextFooter2 
[10-08-2024 19:10:00.228 INFO com_nopcommerce_account.Level_15_Assert_Verify_Sai_Test_Report] - -------------------------PASSED-------------------------
[10-08-2024 19:10:00.229 INFO com_nopcommerce_account.Level_15_Assert_Verify_Sai_Test_Report] - User_01- Step 04: Verify TextFooter13 
[10-08-2024 19:10:00.348 INFO com_nopcommerce_account.Level_15_Assert_Verify_Sai_Test_Report] - -------------------------PASSED-------------------------
[10-08-2024 19:11:00.154 INFO com_nopcommerce_account.Level_15_Assert_Verify_Sai_Test_Report] - User_01- Step 01: Verify Title is displayed
[10-08-2024 19:11:00.302 INFO com_nopcommerce_account.Level_15_Assert_Verify_Sai_Test_Report] - -------------------------FAILED-------------------------
[10-08-2024 19:11:00.302 INFO com_nopcommerce_account.Level_15_Assert_Verify_Sai_Test_Report] - User_01- Step 01: Verify Title 
[10-08-2024 19:11:00.344 INFO com_nopcommerce_account.Level_15_Assert_Verify_Sai_Test_Report] - -------------------------PASSED-------------------------
[10-08-2024 19:11:00.344 INFO com_nopcommerce_account.Level_15_Assert_Verify_Sai_Test_Report] - User_01- Step 02: Verify TextFooter1 
[10-08-2024 19:11:00.381 INFO com_nopcommerce_account.Level_15_Assert_Verify_Sai_Test_Report] - -------------------------FAILED-------------------------
[10-08-2024 19:11:00.383 INFO com_nopcommerce_account.Level_15_Assert_Verify_Sai_Test_Report] - User_01- Step 03: Verify TextFooter2 
[10-08-2024 19:11:00.431 INFO com_nopcommerce_account.Level_15_Assert_Verify_Sai_Test_Report] - -------------------------PASSED-------------------------
[10-08-2024 19:11:00.432 INFO com_nopcommerce_account.Level_15_Assert_Verify_Sai_Test_Report] - User_01- Step 04: Verify TextFooter13 
[10-08-2024 19:11:00.486 INFO com_nopcommerce_account.Level_15_Assert_Verify_Sai_Test_Report] - -------------------------PASSED-------------------------
[10-08-2024 19:11:00.498 INFO com_nopcommerce_account.Level_15_Assert_Verify_Sai_Test_Report] - User_01- Step 01: Verify Title is displayed
[10-08-2024 19:11:00.538 INFO com_nopcommerce_account.Level_15_Assert_Verify_Sai_Test_Report] - -------------------------PASSED-------------------------
[10-08-2024 19:11:00.538 INFO com_nopcommerce_account.Level_15_Assert_Verify_Sai_Test_Report] - User_01- Step 01: Verify Title 
[10-08-2024 19:11:00.577 INFO com_nopcommerce_account.Level_15_Assert_Verify_Sai_Test_Report] - -------------------------PASSED-------------------------
[10-08-2024 19:11:00.577 INFO com_nopcommerce_account.Level_15_Assert_Verify_Sai_Test_Report] - User_01- Step 02: Verify TextFooter1 
[10-08-2024 19:11:00.608 INFO com_nopcommerce_account.Level_15_Assert_Verify_Sai_Test_Report] - -------------------------PASSED-------------------------
[10-08-2024 19:11:00.609 INFO com_nopcommerce_account.Level_15_Assert_Verify_Sai_Test_Report] - User_01- Step 03: Verify TextFooter2 
[10-08-2024 19:11:00.641 INFO com_nopcommerce_account.Level_15_Assert_Verify_Sai_Test_Report] - -------------------------PASSED-------------------------
[10-08-2024 19:11:00.642 INFO com_nopcommerce_account.Level_15_Assert_Verify_Sai_Test_Report] - User_01- Step 04: Verify TextFooter13 
[10-08-2024 19:11:00.683 INFO com_nopcommerce_account.Level_15_Assert_Verify_Sai_Test_Report] - -------------------------PASSED-------------------------
[10-08-2024 19:14:47.809 INFO com_nopcommerce_account.Level_15_Assert_Verify_Sai_Test_Report] - User_01- Step 01: Verify Title is displayed
[10-08-2024 19:14:47.943 INFO com_nopcommerce_account.Level_15_Assert_Verify_Sai_Test_Report] - -------------------------FAILED-------------------------
[10-08-2024 19:14:47.944 INFO com_nopcommerce_account.Level_15_Assert_Verify_Sai_Test_Report] - User_01- Step 01: Verify Title 
[10-08-2024 19:14:47.994 INFO com_nopcommerce_account.Level_15_Assert_Verify_Sai_Test_Report] - -------------------------PASSED-------------------------
[10-08-2024 19:14:47.995 INFO com_nopcommerce_account.Level_15_Assert_Verify_Sai_Test_Report] - User_01- Step 02: Verify TextFooter1 
[10-08-2024 19:14:48.039 INFO com_nopcommerce_account.Level_15_Assert_Verify_Sai_Test_Report] - -------------------------FAILED-------------------------
[10-08-2024 19:14:48.039 INFO com_nopcommerce_account.Level_15_Assert_Verify_Sai_Test_Report] - User_01- Step 03: Verify TextFooter2 
[10-08-2024 19:14:48.101 INFO com_nopcommerce_account.Level_15_Assert_Verify_Sai_Test_Report] - -------------------------PASSED-------------------------
[10-08-2024 19:14:48.101 INFO com_nopcommerce_account.Level_15_Assert_Verify_Sai_Test_Report] - User_01- Step 04: Verify TextFooter13 
[10-08-2024 19:14:48.143 INFO com_nopcommerce_account.Level_15_Assert_Verify_Sai_Test_Report] - -------------------------PASSED-------------------------
[10-08-2024 19:14:48.166 INFO com_nopcommerce_account.Level_15_Assert_Verify_Sai_Test_Report] - User_01- Step 01: Verify Title is displayed
[10-08-2024 19:14:48.252 INFO com_nopcommerce_account.Level_15_Assert_Verify_Sai_Test_Report] - -------------------------PASSED-------------------------
[10-08-2024 19:14:48.252 INFO com_nopcommerce_account.Level_15_Assert_Verify_Sai_Test_Report] - User_01- Step 01: Verify Title 
[10-08-2024 19:14:48.297 INFO com_nopcommerce_account.Level_15_Assert_Verify_Sai_Test_Report] - -------------------------PASSED-------------------------
[10-08-2024 19:14:48.298 INFO com_nopcommerce_account.Level_15_Assert_Verify_Sai_Test_Report] - User_01- Step 02: Verify TextFooter1 
[10-08-2024 19:14:48.337 INFO com_nopcommerce_account.Level_15_Assert_Verify_Sai_Test_Report] - -------------------------PASSED-------------------------
[10-08-2024 19:14:48.337 INFO com_nopcommerce_account.Level_15_Assert_Verify_Sai_Test_Report] - User_01- Step 03: Verify TextFooter2 
[10-08-2024 19:14:48.385 INFO com_nopcommerce_account.Level_15_Assert_Verify_Sai_Test_Report] - -------------------------PASSED-------------------------
[10-08-2024 19:14:48.386 INFO com_nopcommerce_account.Level_15_Assert_Verify_Sai_Test_Report] - User_01- Step 04: Verify TextFooter13 
[10-08-2024 19:14:48.431 INFO com_nopcommerce_account.Level_15_Assert_Verify_Sai_Test_Report] - -------------------------PASSED-------------------------
[10-08-2024 19:17:29.458 INFO com_nopcommerce_account.Level_15_Assert_Verify_Sai_Test_Report] - User_01- Step 01: Verify Title is displayed
[10-08-2024 19:17:29.576 INFO com_nopcommerce_account.Level_15_Assert_Verify_Sai_Test_Report] - -------------------------PASSED-------------------------
[10-08-2024 19:17:29.576 INFO com_nopcommerce_account.Level_15_Assert_Verify_Sai_Test_Report] - User_01- Step 01: Verify Title 
[10-08-2024 19:17:29.629 INFO com_nopcommerce_account.Level_15_Assert_Verify_Sai_Test_Report] - -------------------------PASSED-------------------------
[10-08-2024 19:17:29.629 INFO com_nopcommerce_account.Level_15_Assert_Verify_Sai_Test_Report] - User_01- Step 02: Verify TextFooter1 
[10-08-2024 19:17:29.663 INFO com_nopcommerce_account.Level_15_Assert_Verify_Sai_Test_Report] - -------------------------PASSED-------------------------
[10-08-2024 19:17:29.664 INFO com_nopcommerce_account.Level_15_Assert_Verify_Sai_Test_Report] - User_01- Step 03: Verify TextFooter2 
[10-08-2024 19:17:29.708 INFO com_nopcommerce_account.Level_15_Assert_Verify_Sai_Test_Report] - -------------------------PASSED-------------------------
[10-08-2024 19:17:29.708 INFO com_nopcommerce_account.Level_15_Assert_Verify_Sai_Test_Report] - User_01- Step 04: Verify TextFooter13 
[10-08-2024 19:17:29.747 INFO com_nopcommerce_account.Level_15_Assert_Verify_Sai_Test_Report] - -------------------------PASSED-------------------------
[10-08-2024 19:23:05.587 INFO com_nopcommerce_account.Level_15_Assert_Verify_Sai_Test_Report] - User_01- Step 01: Verify Title is displayed
[10-08-2024 19:23:05.730 INFO com_nopcommerce_account.Level_15_Assert_Verify_Sai_Test_Report] - -------------------------FAILED-------------------------
[10-08-2024 19:23:05.732 INFO com_nopcommerce_account.Level_15_Assert_Verify_Sai_Test_Report] - User_01- Step 01: Verify Title 
[10-08-2024 19:23:05.802 INFO com_nopcommerce_account.Level_15_Assert_Verify_Sai_Test_Report] - -------------------------PASSED-------------------------
[10-08-2024 19:23:05.803 INFO com_nopcommerce_account.Level_15_Assert_Verify_Sai_Test_Report] - User_01- Step 02: Verify TextFooter1 
[10-08-2024 19:23:05.861 INFO com_nopcommerce_account.Level_15_Assert_Verify_Sai_Test_Report] - -------------------------FAILED-------------------------
[10-08-2024 19:23:05.861 INFO com_nopcommerce_account.Level_15_Assert_Verify_Sai_Test_Report] - User_01- Step 03: Verify TextFooter2 
[10-08-2024 19:23:05.898 INFO com_nopcommerce_account.Level_15_Assert_Verify_Sai_Test_Report] - -------------------------PASSED-------------------------
[10-08-2024 19:23:05.899 INFO com_nopcommerce_account.Level_15_Assert_Verify_Sai_Test_Report] - User_01- Step 04: Verify TextFooter13 
[10-08-2024 19:23:05.936 INFO com_nopcommerce_account.Level_15_Assert_Verify_Sai_Test_Report] - -------------------------PASSED-------------------------
[10-08-2024 19:23:05.948 INFO com_nopcommerce_account.Level_15_Assert_Verify_Sai_Test_Report] - User_01- Step 01: Verify Title is displayed
[10-08-2024 19:23:05.988 INFO com_nopcommerce_account.Level_15_Assert_Verify_Sai_Test_Report] - -------------------------PASSED-------------------------
[10-08-2024 19:23:05.988 INFO com_nopcommerce_account.Level_15_Assert_Verify_Sai_Test_Report] - User_01- Step 01: Verify Title 
[10-08-2024 19:23:06.023 INFO com_nopcommerce_account.Level_15_Assert_Verify_Sai_Test_Report] - -------------------------PASSED-------------------------
[10-08-2024 19:23:06.023 INFO com_nopcommerce_account.Level_15_Assert_Verify_Sai_Test_Report] - User_01- Step 02: Verify TextFooter1 
[10-08-2024 19:23:06.065 INFO com_nopcommerce_account.Level_15_Assert_Verify_Sai_Test_Report] - -------------------------PASSED-------------------------
[10-08-2024 19:23:06.066 INFO com_nopcommerce_account.Level_15_Assert_Verify_Sai_Test_Report] - User_01- Step 03: Verify TextFooter2 
[10-08-2024 19:23:06.112 INFO com_nopcommerce_account.Level_15_Assert_Verify_Sai_Test_Report] - -------------------------PASSED-------------------------
[10-08-2024 19:23:06.112 INFO com_nopcommerce_account.Level_15_Assert_Verify_Sai_Test_Report] - User_01- Step 04: Verify TextFooter13 
[10-08-2024 19:23:06.161 INFO com_nopcommerce_account.Level_15_Assert_Verify_Sai_Test_Report] - -------------------------PASSED-------------------------
[10-08-2024 19:23:12.619 INFO com_nopcommerce_account.Level_15_Assert_Verify_Sai_Test_Report] - User_01- Step 01: Verify Title is displayed
[10-08-2024 19:23:12.673 INFO com_nopcommerce_account.Level_15_Assert_Verify_Sai_Test_Report] - -------------------------FAILED-------------------------
[10-08-2024 19:23:12.673 INFO com_nopcommerce_account.Level_15_Assert_Verify_Sai_Test_Report] - User_01- Step 01: Verify Title 
[10-08-2024 19:23:12.719 INFO com_nopcommerce_account.Level_15_Assert_Verify_Sai_Test_Report] - -------------------------PASSED-------------------------
[10-08-2024 19:23:12.719 INFO com_nopcommerce_account.Level_15_Assert_Verify_Sai_Test_Report] - User_01- Step 02: Verify TextFooter1 
[10-08-2024 19:23:12.759 INFO com_nopcommerce_account.Level_15_Assert_Verify_Sai_Test_Report] - -------------------------FAILED-------------------------
[10-08-2024 19:23:12.759 INFO com_nopcommerce_account.Level_15_Assert_Verify_Sai_Test_Report] - User_01- Step 03: Verify TextFooter2 
[10-08-2024 19:23:12.794 INFO com_nopcommerce_account.Level_15_Assert_Verify_Sai_Test_Report] - -------------------------PASSED-------------------------
[10-08-2024 19:23:12.794 INFO com_nopcommerce_account.Level_15_Assert_Verify_Sai_Test_Report] - User_01- Step 04: Verify TextFooter13 
[10-08-2024 19:23:12.838 INFO com_nopcommerce_account.Level_15_Assert_Verify_Sai_Test_Report] - -------------------------PASSED-------------------------
[10-08-2024 19:23:12.843 INFO com_nopcommerce_account.Level_15_Assert_Verify_Sai_Test_Report] - User_01- Step 01: Verify Title is displayed
[10-08-2024 19:23:12.888 INFO com_nopcommerce_account.Level_15_Assert_Verify_Sai_Test_Report] - -------------------------PASSED-------------------------
[10-08-2024 19:23:12.888 INFO com_nopcommerce_account.Level_15_Assert_Verify_Sai_Test_Report] - User_01- Step 01: Verify Title 
[10-08-2024 19:23:12.931 INFO com_nopcommerce_account.Level_15_Assert_Verify_Sai_Test_Report] - -------------------------PASSED-------------------------
[10-08-2024 19:23:12.933 INFO com_nopcommerce_account.Level_15_Assert_Verify_Sai_Test_Report] - User_01- Step 02: Verify TextFooter1 
[10-08-2024 19:23:12.969 INFO com_nopcommerce_account.Level_15_Assert_Verify_Sai_Test_Report] - -------------------------PASSED-------------------------
[10-08-2024 19:23:12.969 INFO com_nopcommerce_account.Level_15_Assert_Verify_Sai_Test_Report] - User_01- Step 03: Verify TextFooter2 
[10-08-2024 19:23:13.002 INFO com_nopcommerce_account.Level_15_Assert_Verify_Sai_Test_Report] - -------------------------PASSED-------------------------
[10-08-2024 19:23:13.003 INFO com_nopcommerce_account.Level_15_Assert_Verify_Sai_Test_Report] - User_01- Step 04: Verify TextFooter13 
[10-08-2024 19:23:13.040 INFO com_nopcommerce_account.Level_15_Assert_Verify_Sai_Test_Report] - -------------------------PASSED-------------------------
[10-08-2024 19:23:18.896 INFO com_nopcommerce_account.Level_15_Assert_Verify_Sai_Test_Report] - User_01- Step 01: Verify Title is displayed
[10-08-2024 19:23:29.023 INFO com_nopcommerce_account.Level_15_Assert_Verify_Sai_Test_Report] - User_01- Step 01: Verify Title is displayed
[10-08-2024 19:29:13.083 INFO com_nopcommerce_account.Level_15_Assert_Verify_Sai_Test_Report] - User_01- Step 01: Verify Title is displayed
[10-08-2024 19:29:13.237 INFO com_nopcommerce_account.Level_15_Assert_Verify_Sai_Test_Report] - -------------------------FAILED-------------------------
[10-08-2024 19:29:13.237 INFO com_nopcommerce_account.Level_15_Assert_Verify_Sai_Test_Report] - User_01- Step 01: Verify Title 
[10-08-2024 19:29:13.289 INFO com_nopcommerce_account.Level_15_Assert_Verify_Sai_Test_Report] - -------------------------PASSED-------------------------
[10-08-2024 19:29:13.290 INFO com_nopcommerce_account.Level_15_Assert_Verify_Sai_Test_Report] - User_01- Step 02: Verify TextFooter1 
[10-08-2024 19:29:13.348 INFO com_nopcommerce_account.Level_15_Assert_Verify_Sai_Test_Report] - -------------------------FAILED-------------------------
[10-08-2024 19:29:13.349 INFO com_nopcommerce_account.Level_15_Assert_Verify_Sai_Test_Report] - User_01- Step 03: Verify TextFooter2 
[10-08-2024 19:29:13.392 INFO com_nopcommerce_account.Level_15_Assert_Verify_Sai_Test_Report] - -------------------------PASSED-------------------------
[10-08-2024 19:29:13.394 INFO com_nopcommerce_account.Level_15_Assert_Verify_Sai_Test_Report] - User_01- Step 04: Verify TextFooter13 
[10-08-2024 19:29:13.443 INFO com_nopcommerce_account.Level_15_Assert_Verify_Sai_Test_Report] - -------------------------PASSED-------------------------
[10-08-2024 19:29:13.500 INFO com_nopcommerce_account.Level_15_Assert_Verify_Sai_Test_Report] - User_01- Step 01: Verify Title is displayed
[10-08-2024 19:29:13.556 INFO com_nopcommerce_account.Level_15_Assert_Verify_Sai_Test_Report] - -------------------------PASSED-------------------------
[10-08-2024 19:29:13.557 INFO com_nopcommerce_account.Level_15_Assert_Verify_Sai_Test_Report] - User_01- Step 01: Verify Title 
[10-08-2024 19:29:13.622 INFO com_nopcommerce_account.Level_15_Assert_Verify_Sai_Test_Report] - -------------------------PASSED-------------------------
[10-08-2024 19:29:13.622 INFO com_nopcommerce_account.Level_15_Assert_Verify_Sai_Test_Report] - User_01- Step 02: Verify TextFooter1 
[10-08-2024 19:29:13.679 INFO com_nopcommerce_account.Level_15_Assert_Verify_Sai_Test_Report] - -------------------------PASSED-------------------------
[10-08-2024 19:29:13.679 INFO com_nopcommerce_account.Level_15_Assert_Verify_Sai_Test_Report] - User_01- Step 03: Verify TextFooter2 
[10-08-2024 19:29:13.747 INFO com_nopcommerce_account.Level_15_Assert_Verify_Sai_Test_Report] - -------------------------PASSED-------------------------
[10-08-2024 19:29:13.748 INFO com_nopcommerce_account.Level_15_Assert_Verify_Sai_Test_Report] - User_01- Step 04: Verify TextFooter13 
[10-08-2024 19:29:13.821 INFO com_nopcommerce_account.Level_15_Assert_Verify_Sai_Test_Report] - -------------------------PASSED-------------------------
[10-08-2024 19:29:19.071 INFO com_nopcommerce_account.Level_15_Assert_Verify_Sai_Test_Report] - User_01- Step 01: Verify Title is displayed
[10-08-2024 19:29:19.152 INFO com_nopcommerce_account.Level_15_Assert_Verify_Sai_Test_Report] - -------------------------FAILED-------------------------
[10-08-2024 19:29:19.153 INFO com_nopcommerce_account.Level_15_Assert_Verify_Sai_Test_Report] - User_01- Step 01: Verify Title 
[10-08-2024 19:29:19.216 INFO com_nopcommerce_account.Level_15_Assert_Verify_Sai_Test_Report] - -------------------------PASSED-------------------------
[10-08-2024 19:29:19.217 INFO com_nopcommerce_account.Level_15_Assert_Verify_Sai_Test_Report] - User_01- Step 02: Verify TextFooter1 
[10-08-2024 19:29:19.261 INFO com_nopcommerce_account.Level_15_Assert_Verify_Sai_Test_Report] - -------------------------FAILED-------------------------
[10-08-2024 19:29:19.261 INFO com_nopcommerce_account.Level_15_Assert_Verify_Sai_Test_Report] - User_01- Step 03: Verify TextFooter2 
[10-08-2024 19:29:19.309 INFO com_nopcommerce_account.Level_15_Assert_Verify_Sai_Test_Report] - -------------------------PASSED-------------------------
[10-08-2024 19:29:19.310 INFO com_nopcommerce_account.Level_15_Assert_Verify_Sai_Test_Report] - User_01- Step 04: Verify TextFooter13 
[10-08-2024 19:29:19.359 INFO com_nopcommerce_account.Level_15_Assert_Verify_Sai_Test_Report] - -------------------------PASSED-------------------------
[10-08-2024 19:29:19.366 INFO com_nopcommerce_account.Level_15_Assert_Verify_Sai_Test_Report] - User_01- Step 01: Verify Title is displayed
[10-08-2024 19:29:19.404 INFO com_nopcommerce_account.Level_15_Assert_Verify_Sai_Test_Report] - -------------------------PASSED-------------------------
[10-08-2024 19:29:19.404 INFO com_nopcommerce_account.Level_15_Assert_Verify_Sai_Test_Report] - User_01- Step 01: Verify Title 
[10-08-2024 19:29:19.443 INFO com_nopcommerce_account.Level_15_Assert_Verify_Sai_Test_Report] - -------------------------PASSED-------------------------
[10-08-2024 19:29:19.443 INFO com_nopcommerce_account.Level_15_Assert_Verify_Sai_Test_Report] - User_01- Step 02: Verify TextFooter1 
[10-08-2024 19:29:19.476 INFO com_nopcommerce_account.Level_15_Assert_Verify_Sai_Test_Report] - -------------------------PASSED-------------------------
[10-08-2024 19:29:19.476 INFO com_nopcommerce_account.Level_15_Assert_Verify_Sai_Test_Report] - User_01- Step 03: Verify TextFooter2 
[10-08-2024 19:29:19.511 INFO com_nopcommerce_account.Level_15_Assert_Verify_Sai_Test_Report] - -------------------------PASSED-------------------------
[10-08-2024 19:29:19.512 INFO com_nopcommerce_account.Level_15_Assert_Verify_Sai_Test_Report] - User_01- Step 04: Verify TextFooter13 
[10-08-2024 19:29:19.550 INFO com_nopcommerce_account.Level_15_Assert_Verify_Sai_Test_Report] - -------------------------PASSED-------------------------
[10-08-2024 19:29:23.207 INFO com_nopcommerce_account.Level_15_Assert_Verify_Sai_Test_Report] - User_01- Step 01: Verify Title is displayed
[10-08-2024 19:29:33.453 INFO com_nopcommerce_account.Level_15_Assert_Verify_Sai_Test_Report] - User_01- Step 01: Verify Title is displayed
[11-08-2024 06:38:48.610 INFO com_nopcommerce_account.Level_15_Assert_Verify_Sai_Test_Report] - User_01- Step 01: Verify Title is displayed
[11-08-2024 06:38:48.830 INFO com_nopcommerce_account.Level_15_Assert_Verify_Sai_Test_Report] - -------------------------FAILED-------------------------
[11-08-2024 06:38:48.831 INFO com_nopcommerce_account.Level_15_Assert_Verify_Sai_Test_Report] - User_01- Step 01: Verify Title 
[11-08-2024 06:38:48.940 INFO com_nopcommerce_account.Level_15_Assert_Verify_Sai_Test_Report] - -------------------------PASSED-------------------------
[11-08-2024 06:38:48.941 INFO com_nopcommerce_account.Level_15_Assert_Verify_Sai_Test_Report] - User_01- Step 02: Verify TextFooter1 
[11-08-2024 06:38:49.042 INFO com_nopcommerce_account.Level_15_Assert_Verify_Sai_Test_Report] - -------------------------FAILED-------------------------
[11-08-2024 06:38:49.043 INFO com_nopcommerce_account.Level_15_Assert_Verify_Sai_Test_Report] - User_01- Step 03: Verify TextFooter2 
[11-08-2024 06:38:49.113 INFO com_nopcommerce_account.Level_15_Assert_Verify_Sai_Test_Report] - -------------------------PASSED-------------------------
[11-08-2024 06:38:49.114 INFO com_nopcommerce_account.Level_15_Assert_Verify_Sai_Test_Report] - User_01- Step 04: Verify TextFooter13 
[11-08-2024 06:38:49.196 INFO com_nopcommerce_account.Level_15_Assert_Verify_Sai_Test_Report] - -------------------------PASSED-------------------------
[11-08-2024 06:38:49.311 INFO com_nopcommerce_account.Level_15_Assert_Verify_Sai_Test_Report] - User_01- Step 01: Verify Title is displayed
[11-08-2024 06:38:49.446 INFO com_nopcommerce_account.Level_15_Assert_Verify_Sai_Test_Report] - -------------------------PASSED-------------------------
[11-08-2024 06:38:49.447 INFO com_nopcommerce_account.Level_15_Assert_Verify_Sai_Test_Report] - User_01- Step 01: Verify Title 
[11-08-2024 06:38:49.534 INFO com_nopcommerce_account.Level_15_Assert_Verify_Sai_Test_Report] - -------------------------PASSED-------------------------
[11-08-2024 06:38:49.535 INFO com_nopcommerce_account.Level_15_Assert_Verify_Sai_Test_Report] - User_01- Step 02: Verify TextFooter1 
[11-08-2024 06:38:49.611 INFO com_nopcommerce_account.Level_15_Assert_Verify_Sai_Test_Report] - -------------------------PASSED-------------------------
[11-08-2024 06:38:49.613 INFO com_nopcommerce_account.Level_15_Assert_Verify_Sai_Test_Report] - User_01- Step 03: Verify TextFooter2 
[11-08-2024 06:38:49.700 INFO com_nopcommerce_account.Level_15_Assert_Verify_Sai_Test_Report] - -------------------------PASSED-------------------------
[11-08-2024 06:38:49.703 INFO com_nopcommerce_account.Level_15_Assert_Verify_Sai_Test_Report] - User_01- Step 04: Verify TextFooter13 
[11-08-2024 06:38:49.796 INFO com_nopcommerce_account.Level_15_Assert_Verify_Sai_Test_Report] - -------------------------PASSED-------------------------
[11-08-2024 06:38:56.926 INFO com_nopcommerce_account.Level_15_Assert_Verify_Sai_Test_Report] - User_01- Step 01: Verify Title is displayed
[11-08-2024 06:38:57.200 INFO com_nopcommerce_account.Level_15_Assert_Verify_Sai_Test_Report] - -------------------------FAILED-------------------------
[11-08-2024 06:38:57.200 INFO com_nopcommerce_account.Level_15_Assert_Verify_Sai_Test_Report] - User_01- Step 01: Verify Title 
[11-08-2024 06:38:57.292 INFO com_nopcommerce_account.Level_15_Assert_Verify_Sai_Test_Report] - -------------------------PASSED-------------------------
[11-08-2024 06:38:57.292 INFO com_nopcommerce_account.Level_15_Assert_Verify_Sai_Test_Report] - User_01- Step 02: Verify TextFooter1 
[11-08-2024 06:38:57.379 INFO com_nopcommerce_account.Level_15_Assert_Verify_Sai_Test_Report] - -------------------------FAILED-------------------------
[11-08-2024 06:38:57.380 INFO com_nopcommerce_account.Level_15_Assert_Verify_Sai_Test_Report] - User_01- Step 03: Verify TextFooter2 
[11-08-2024 06:38:57.482 INFO com_nopcommerce_account.Level_15_Assert_Verify_Sai_Test_Report] - -------------------------PASSED-------------------------
[11-08-2024 06:38:57.483 INFO com_nopcommerce_account.Level_15_Assert_Verify_Sai_Test_Report] - User_01- Step 04: Verify TextFooter13 
[11-08-2024 06:38:57.561 INFO com_nopcommerce_account.Level_15_Assert_Verify_Sai_Test_Report] - -------------------------PASSED-------------------------
[11-08-2024 06:38:57.569 INFO com_nopcommerce_account.Level_15_Assert_Verify_Sai_Test_Report] - User_01- Step 01: Verify Title is displayed
[11-08-2024 06:38:57.675 INFO com_nopcommerce_account.Level_15_Assert_Verify_Sai_Test_Report] - -------------------------PASSED-------------------------
[11-08-2024 06:38:57.676 INFO com_nopcommerce_account.Level_15_Assert_Verify_Sai_Test_Report] - User_01- Step 01: Verify Title 
[11-08-2024 06:38:57.794 INFO com_nopcommerce_account.Level_15_Assert_Verify_Sai_Test_Report] - -------------------------PASSED-------------------------
[11-08-2024 06:38:57.794 INFO com_nopcommerce_account.Level_15_Assert_Verify_Sai_Test_Report] - User_01- Step 02: Verify TextFooter1 
[11-08-2024 06:38:57.896 INFO com_nopcommerce_account.Level_15_Assert_Verify_Sai_Test_Report] - -------------------------PASSED-------------------------
[11-08-2024 06:38:57.897 INFO com_nopcommerce_account.Level_15_Assert_Verify_Sai_Test_Report] - User_01- Step 03: Verify TextFooter2 
[11-08-2024 06:38:57.972 INFO com_nopcommerce_account.Level_15_Assert_Verify_Sai_Test_Report] - -------------------------PASSED-------------------------
[11-08-2024 06:38:57.973 INFO com_nopcommerce_account.Level_15_Assert_Verify_Sai_Test_Report] - User_01- Step 04: Verify TextFooter13 
[11-08-2024 06:38:58.099 INFO com_nopcommerce_account.Level_15_Assert_Verify_Sai_Test_Report] - -------------------------PASSED-------------------------
[11-08-2024 06:39:04.420 INFO com_nopcommerce_account.Level_15_Assert_Verify_Sai_Test_Report] - User_01- Step 01: Verify Title is displayed
[11-08-2024 06:39:14.568 INFO com_nopcommerce_account.Level_15_Assert_Verify_Sai_Test_Report] - User_01- Step 01: Verify Title is displayed
[11-08-2024 06:40:19.352 INFO com_nopcommerce_account.Level_15_Assert_Verify_Sai_Test_Report] - User_01- Step 01: Verify Title is displayed
[11-08-2024 06:40:19.711 INFO com_nopcommerce_account.Level_15_Assert_Verify_Sai_Test_Report] - -------------------------FAILED-------------------------
[11-08-2024 06:40:19.712 INFO com_nopcommerce_account.Level_15_Assert_Verify_Sai_Test_Report] - User_01- Step 01: Verify Title 
[11-08-2024 06:40:19.807 INFO com_nopcommerce_account.Level_15_Assert_Verify_Sai_Test_Report] - -------------------------PASSED-------------------------
[11-08-2024 06:40:19.810 INFO com_nopcommerce_account.Level_15_Assert_Verify_Sai_Test_Report] - User_01- Step 02: Verify TextFooter1 
[11-08-2024 06:40:19.940 INFO com_nopcommerce_account.Level_15_Assert_Verify_Sai_Test_Report] - -------------------------FAILED-------------------------
[11-08-2024 06:40:19.941 INFO com_nopcommerce_account.Level_15_Assert_Verify_Sai_Test_Report] - User_01- Step 03: Verify TextFooter2 
[11-08-2024 06:40:20.117 INFO com_nopcommerce_account.Level_15_Assert_Verify_Sai_Test_Report] - -------------------------PASSED-------------------------
[11-08-2024 06:40:20.118 INFO com_nopcommerce_account.Level_15_Assert_Verify_Sai_Test_Report] - User_01- Step 04: Verify TextFooter13 
[11-08-2024 06:40:20.253 INFO com_nopcommerce_account.Level_15_Assert_Verify_Sai_Test_Report] - -------------------------PASSED-------------------------
[11-08-2024 06:40:20.287 INFO com_nopcommerce_account.Level_15_Assert_Verify_Sai_Test_Report] - User_01- Step 01: Verify Title is displayed
[11-08-2024 06:40:20.454 INFO com_nopcommerce_account.Level_15_Assert_Verify_Sai_Test_Report] - -------------------------PASSED-------------------------
[11-08-2024 06:40:20.455 INFO com_nopcommerce_account.Level_15_Assert_Verify_Sai_Test_Report] - User_01- Step 01: Verify Title 
[11-08-2024 06:40:20.547 INFO com_nopcommerce_account.Level_15_Assert_Verify_Sai_Test_Report] - -------------------------PASSED-------------------------
[11-08-2024 06:40:20.547 INFO com_nopcommerce_account.Level_15_Assert_Verify_Sai_Test_Report] - User_01- Step 02: Verify TextFooter1 
[11-08-2024 06:40:20.662 INFO com_nopcommerce_account.Level_15_Assert_Verify_Sai_Test_Report] - -------------------------PASSED-------------------------
[11-08-2024 06:40:20.663 INFO com_nopcommerce_account.Level_15_Assert_Verify_Sai_Test_Report] - User_01- Step 03: Verify TextFooter2 
[11-08-2024 06:40:20.786 INFO com_nopcommerce_account.Level_15_Assert_Verify_Sai_Test_Report] - -------------------------PASSED-------------------------
[11-08-2024 06:40:20.786 INFO com_nopcommerce_account.Level_15_Assert_Verify_Sai_Test_Report] - User_01- Step 04: Verify TextFooter13 
[11-08-2024 06:40:20.870 INFO com_nopcommerce_account.Level_15_Assert_Verify_Sai_Test_Report] - -------------------------PASSED-------------------------
[11-08-2024 06:40:26.605 INFO com_nopcommerce_account.Level_15_Assert_Verify_Sai_Test_Report] - User_01- Step 01: Verify Title is displayed
[11-08-2024 06:40:26.857 INFO com_nopcommerce_account.Level_15_Assert_Verify_Sai_Test_Report] - -------------------------FAILED-------------------------
[11-08-2024 06:40:26.858 INFO com_nopcommerce_account.Level_15_Assert_Verify_Sai_Test_Report] - User_01- Step 01: Verify Title 
[11-08-2024 06:40:26.986 INFO com_nopcommerce_account.Level_15_Assert_Verify_Sai_Test_Report] - -------------------------PASSED-------------------------
[11-08-2024 06:40:26.987 INFO com_nopcommerce_account.Level_15_Assert_Verify_Sai_Test_Report] - User_01- Step 02: Verify TextFooter1 
[11-08-2024 06:40:27.086 INFO com_nopcommerce_account.Level_15_Assert_Verify_Sai_Test_Report] - -------------------------FAILED-------------------------
[11-08-2024 06:40:27.087 INFO com_nopcommerce_account.Level_15_Assert_Verify_Sai_Test_Report] - User_01- Step 03: Verify TextFooter2 
[11-08-2024 06:40:27.179 INFO com_nopcommerce_account.Level_15_Assert_Verify_Sai_Test_Report] - -------------------------PASSED-------------------------
[11-08-2024 06:40:27.180 INFO com_nopcommerce_account.Level_15_Assert_Verify_Sai_Test_Report] - User_01- Step 04: Verify TextFooter13 
[11-08-2024 06:40:27.408 INFO com_nopcommerce_account.Level_15_Assert_Verify_Sai_Test_Report] - -------------------------PASSED-------------------------
[11-08-2024 06:40:27.423 INFO com_nopcommerce_account.Level_15_Assert_Verify_Sai_Test_Report] - User_01- Step 01: Verify Title is displayed
[11-08-2024 06:40:27.524 INFO com_nopcommerce_account.Level_15_Assert_Verify_Sai_Test_Report] - -------------------------PASSED-------------------------
[11-08-2024 06:40:27.525 INFO com_nopcommerce_account.Level_15_Assert_Verify_Sai_Test_Report] - User_01- Step 01: Verify Title 
[11-08-2024 06:40:27.599 INFO com_nopcommerce_account.Level_15_Assert_Verify_Sai_Test_Report] - -------------------------PASSED-------------------------
[11-08-2024 06:40:27.600 INFO com_nopcommerce_account.Level_15_Assert_Verify_Sai_Test_Report] - User_01- Step 02: Verify TextFooter1 
[11-08-2024 06:40:27.674 INFO com_nopcommerce_account.Level_15_Assert_Verify_Sai_Test_Report] - -------------------------PASSED-------------------------
[11-08-2024 06:40:27.675 INFO com_nopcommerce_account.Level_15_Assert_Verify_Sai_Test_Report] - User_01- Step 03: Verify TextFooter2 
[11-08-2024 06:40:27.778 INFO com_nopcommerce_account.Level_15_Assert_Verify_Sai_Test_Report] - -------------------------PASSED-------------------------
[11-08-2024 06:40:27.778 INFO com_nopcommerce_account.Level_15_Assert_Verify_Sai_Test_Report] - User_01- Step 04: Verify TextFooter13 
[11-08-2024 06:40:27.861 INFO com_nopcommerce_account.Level_15_Assert_Verify_Sai_Test_Report] - -------------------------PASSED-------------------------
[11-08-2024 06:40:33.689 INFO com_nopcommerce_account.Level_15_Assert_Verify_Sai_Test_Report] - User_01- Step 01: Verify Title is displayed
[11-08-2024 06:40:43.800 INFO com_nopcommerce_account.Level_15_Assert_Verify_Sai_Test_Report] - User_01- Step 01: Verify Title is displayed
[11-08-2024 06:42:12.272 INFO com_nopcommerce_account.Level_15_Assert_Verify_Sai_Test_Report] - User_01- Step 01: Verify Title is displayed
[11-08-2024 06:42:12.612 INFO com_nopcommerce_account.Level_15_Assert_Verify_Sai_Test_Report] - -------------------------FAILED-------------------------
[11-08-2024 06:42:12.613 INFO com_nopcommerce_account.Level_15_Assert_Verify_Sai_Test_Report] - User_01- Step 01: Verify Title 
[11-08-2024 06:42:12.884 INFO com_nopcommerce_account.Level_15_Assert_Verify_Sai_Test_Report] - -------------------------PASSED-------------------------
[11-08-2024 06:42:12.885 INFO com_nopcommerce_account.Level_15_Assert_Verify_Sai_Test_Report] - User_01- Step 02: Verify TextFooter1 
[11-08-2024 06:42:12.962 INFO com_nopcommerce_account.Level_15_Assert_Verify_Sai_Test_Report] - -------------------------FAILED-------------------------
[11-08-2024 06:42:12.962 INFO com_nopcommerce_account.Level_15_Assert_Verify_Sai_Test_Report] - User_01- Step 03: Verify TextFooter2 
[11-08-2024 06:42:13.100 INFO com_nopcommerce_account.Level_15_Assert_Verify_Sai_Test_Report] - -------------------------PASSED-------------------------
[11-08-2024 06:42:13.100 INFO com_nopcommerce_account.Level_15_Assert_Verify_Sai_Test_Report] - User_01- Step 04: Verify TextFooter13 
[11-08-2024 06:42:13.179 INFO com_nopcommerce_account.Level_15_Assert_Verify_Sai_Test_Report] - -------------------------PASSED-------------------------
[11-08-2024 06:42:13.265 INFO com_nopcommerce_account.Level_15_Assert_Verify_Sai_Test_Report] - User_01- Step 01: Verify Title is displayed
[11-08-2024 06:42:13.367 INFO com_nopcommerce_account.Level_15_Assert_Verify_Sai_Test_Report] - -------------------------PASSED-------------------------
[11-08-2024 06:42:13.368 INFO com_nopcommerce_account.Level_15_Assert_Verify_Sai_Test_Report] - User_01- Step 01: Verify Title 
[11-08-2024 06:42:13.478 INFO com_nopcommerce_account.Level_15_Assert_Verify_Sai_Test_Report] - -------------------------PASSED-------------------------
[11-08-2024 06:42:13.480 INFO com_nopcommerce_account.Level_15_Assert_Verify_Sai_Test_Report] - User_01- Step 02: Verify TextFooter1 
[11-08-2024 06:42:13.554 INFO com_nopcommerce_account.Level_15_Assert_Verify_Sai_Test_Report] - -------------------------PASSED-------------------------
[11-08-2024 06:42:13.555 INFO com_nopcommerce_account.Level_15_Assert_Verify_Sai_Test_Report] - User_01- Step 03: Verify TextFooter2 
[11-08-2024 06:42:13.671 INFO com_nopcommerce_account.Level_15_Assert_Verify_Sai_Test_Report] - -------------------------PASSED-------------------------
[11-08-2024 06:42:13.672 INFO com_nopcommerce_account.Level_15_Assert_Verify_Sai_Test_Report] - User_01- Step 04: Verify TextFooter13 
[11-08-2024 06:42:13.747 INFO com_nopcommerce_account.Level_15_Assert_Verify_Sai_Test_Report] - -------------------------PASSED-------------------------
[11-08-2024 07:15:48.126 INFO com_nopcommerce_account.Level_15_Assert_Verify_Sai_Test_Report] - User_01- Step 01: Verify Title is displayed
[11-08-2024 07:15:48.611 INFO com_nopcommerce_account.Level_15_Assert_Verify_Sai_Test_Report] - -------------------------FAILED-------------------------
[11-08-2024 07:15:48.612 INFO com_nopcommerce_account.Level_15_Assert_Verify_Sai_Test_Report] - User_01- Step 01: Verify Title 
[11-08-2024 07:15:48.887 INFO com_nopcommerce_account.Level_15_Assert_Verify_Sai_Test_Report] - -------------------------PASSED-------------------------
[11-08-2024 07:15:48.888 INFO com_nopcommerce_account.Level_15_Assert_Verify_Sai_Test_Report] - User_01- Step 02: Verify TextFooter1 
[11-08-2024 07:15:48.978 INFO com_nopcommerce_account.Level_15_Assert_Verify_Sai_Test_Report] - -------------------------FAILED-------------------------
[11-08-2024 07:15:48.979 INFO com_nopcommerce_account.Level_15_Assert_Verify_Sai_Test_Report] - User_01- Step 03: Verify TextFooter2 
[11-08-2024 07:15:49.054 INFO com_nopcommerce_account.Level_15_Assert_Verify_Sai_Test_Report] - -------------------------PASSED-------------------------
[11-08-2024 07:15:49.055 INFO com_nopcommerce_account.Level_15_Assert_Verify_Sai_Test_Report] - User_01- Step 04: Verify TextFooter13 
[11-08-2024 07:15:49.132 INFO com_nopcommerce_account.Level_15_Assert_Verify_Sai_Test_Report] - -------------------------PASSED-------------------------
[11-08-2024 07:15:49.178 INFO com_nopcommerce_account.Level_15_Assert_Verify_Sai_Test_Report] - User_01- Step 01: Verify Title is displayed
[11-08-2024 07:15:49.281 INFO com_nopcommerce_account.Level_15_Assert_Verify_Sai_Test_Report] - -------------------------PASSED-------------------------
[11-08-2024 07:15:49.282 INFO com_nopcommerce_account.Level_15_Assert_Verify_Sai_Test_Report] - User_01- Step 01: Verify Title 
[11-08-2024 07:15:49.372 INFO com_nopcommerce_account.Level_15_Assert_Verify_Sai_Test_Report] - -------------------------PASSED-------------------------
[11-08-2024 07:15:49.373 INFO com_nopcommerce_account.Level_15_Assert_Verify_Sai_Test_Report] - User_01- Step 02: Verify TextFooter1 
[11-08-2024 07:15:49.451 INFO com_nopcommerce_account.Level_15_Assert_Verify_Sai_Test_Report] - -------------------------PASSED-------------------------
[11-08-2024 07:15:49.452 INFO com_nopcommerce_account.Level_15_Assert_Verify_Sai_Test_Report] - User_01- Step 03: Verify TextFooter2 
[11-08-2024 07:15:49.529 INFO com_nopcommerce_account.Level_15_Assert_Verify_Sai_Test_Report] - -------------------------PASSED-------------------------
[11-08-2024 07:15:49.530 INFO com_nopcommerce_account.Level_15_Assert_Verify_Sai_Test_Report] - User_01- Step 04: Verify TextFooter13 
[11-08-2024 07:15:49.612 INFO com_nopcommerce_account.Level_15_Assert_Verify_Sai_Test_Report] - -------------------------PASSED-------------------------
[11-08-2024 07:15:59.834 INFO com_nopcommerce_account.Level_15_Assert_Verify_Sai_Test_Report] - User_01- Step 01: Verify Title is displayed
[11-08-2024 07:16:00.213 INFO com_nopcommerce_account.Level_15_Assert_Verify_Sai_Test_Report] - -------------------------FAILED-------------------------
[11-08-2024 07:16:00.215 INFO com_nopcommerce_account.Level_15_Assert_Verify_Sai_Test_Report] - User_01- Step 01: Verify Title 
[11-08-2024 07:16:00.428 INFO com_nopcommerce_account.Level_15_Assert_Verify_Sai_Test_Report] - -------------------------PASSED-------------------------
[11-08-2024 07:16:00.429 INFO com_nopcommerce_account.Level_15_Assert_Verify_Sai_Test_Report] - User_01- Step 02: Verify TextFooter1 
[11-08-2024 07:16:00.560 INFO com_nopcommerce_account.Level_15_Assert_Verify_Sai_Test_Report] - -------------------------FAILED-------------------------
[11-08-2024 07:16:00.562 INFO com_nopcommerce_account.Level_15_Assert_Verify_Sai_Test_Report] - User_01- Step 03: Verify TextFooter2 
[11-08-2024 07:16:00.749 INFO com_nopcommerce_account.Level_15_Assert_Verify_Sai_Test_Report] - -------------------------PASSED-------------------------
[11-08-2024 07:16:00.750 INFO com_nopcommerce_account.Level_15_Assert_Verify_Sai_Test_Report] - User_01- Step 04: Verify TextFooter13 
[11-08-2024 07:16:00.864 INFO com_nopcommerce_account.Level_15_Assert_Verify_Sai_Test_Report] - -------------------------PASSED-------------------------
[11-08-2024 07:16:03.218 INFO com_nopcommerce_account.Level_15_Assert_Verify_Sai_Test_Report] - User_01- Step 01: Verify Title is displayed
[11-08-2024 07:16:03.377 INFO com_nopcommerce_account.Level_15_Assert_Verify_Sai_Test_Report] - -------------------------PASSED-------------------------
[11-08-2024 07:16:03.377 INFO com_nopcommerce_account.Level_15_Assert_Verify_Sai_Test_Report] - User_01- Step 01: Verify Title 
[11-08-2024 07:16:03.504 INFO com_nopcommerce_account.Level_15_Assert_Verify_Sai_Test_Report] - -------------------------PASSED-------------------------
[11-08-2024 07:16:03.505 INFO com_nopcommerce_account.Level_15_Assert_Verify_Sai_Test_Report] - User_01- Step 02: Verify TextFooter1 
[11-08-2024 07:16:03.614 INFO com_nopcommerce_account.Level_15_Assert_Verify_Sai_Test_Report] - -------------------------PASSED-------------------------
[11-08-2024 07:16:03.614 INFO com_nopcommerce_account.Level_15_Assert_Verify_Sai_Test_Report] - User_01- Step 03: Verify TextFooter2 
[11-08-2024 07:16:03.745 INFO com_nopcommerce_account.Level_15_Assert_Verify_Sai_Test_Report] - -------------------------PASSED-------------------------
[11-08-2024 07:16:03.747 INFO com_nopcommerce_account.Level_15_Assert_Verify_Sai_Test_Report] - User_01- Step 04: Verify TextFooter13 
[11-08-2024 07:16:03.834 INFO com_nopcommerce_account.Level_15_Assert_Verify_Sai_Test_Report] - -------------------------PASSED-------------------------
[11-08-2024 07:41:57.633 INFO com_nopcommerce_account.Level_17_ReportNG] - User_01- Step 01: Verify Title is displayed
[11-08-2024 07:41:58.485 INFO com_nopcommerce_account.Level_17_ReportNG] - User_01- Step 01: Verify Title is displayed
[11-08-2024 07:41:58.607 INFO com_nopcommerce_account.Level_17_ReportNG] - -------------------------FAILED-------------------------
[11-08-2024 07:41:58.608 INFO com_nopcommerce_account.Level_17_ReportNG] - User_01- Step 01: Verify Title 
[11-08-2024 07:41:58.723 INFO com_nopcommerce_account.Level_17_ReportNG] - -------------------------PASSED-------------------------
[11-08-2024 07:41:58.724 INFO com_nopcommerce_account.Level_17_ReportNG] - User_01- Step 02: Verify TextFooter1 
[11-08-2024 07:41:58.800 INFO com_nopcommerce_account.Level_17_ReportNG] - -------------------------FAILED-------------------------
[11-08-2024 07:41:58.801 INFO com_nopcommerce_account.Level_17_ReportNG] - User_01- Step 03: Verify TextFooter2 
[11-08-2024 07:41:58.889 INFO com_nopcommerce_account.Level_17_ReportNG] - -------------------------PASSED-------------------------
[11-08-2024 07:41:58.891 INFO com_nopcommerce_account.Level_17_ReportNG] - User_01- Step 04: Verify TextFooter13 
[11-08-2024 07:41:58.969 INFO com_nopcommerce_account.Level_17_ReportNG] - -------------------------PASSED-------------------------
[11-08-2024 07:44:41.910 INFO com_nopcommerce_account.Level_17_ReportNG] - User_01- Step 01: Verify Title is displayed
[11-08-2024 07:44:42.524 INFO com_nopcommerce_account.Level_17_ReportNG] - User_01- Step 01: Verify Title is displayed
[11-08-2024 07:44:42.626 INFO com_nopcommerce_account.Level_17_ReportNG] - -------------------------FAILED-------------------------
[11-08-2024 07:44:42.628 INFO com_nopcommerce_account.Level_17_ReportNG] - User_01- Step 01: Verify Title 
[11-08-2024 07:44:42.735 INFO com_nopcommerce_account.Level_17_ReportNG] - -------------------------PASSED-------------------------
[11-08-2024 07:44:42.737 INFO com_nopcommerce_account.Level_17_ReportNG] - User_01- Step 02: Verify TextFooter1 
[11-08-2024 07:44:42.807 INFO com_nopcommerce_account.Level_17_ReportNG] - -------------------------FAILED-------------------------
[11-08-2024 07:44:42.808 INFO com_nopcommerce_account.Level_17_ReportNG] - User_01- Step 03: Verify TextFooter2 
[11-08-2024 07:44:42.874 INFO com_nopcommerce_account.Level_17_ReportNG] - -------------------------PASSED-------------------------
[11-08-2024 07:44:42.875 INFO com_nopcommerce_account.Level_17_ReportNG] - User_01- Step 04: Verify TextFooter13 
[11-08-2024 07:44:42.933 INFO com_nopcommerce_account.Level_17_ReportNG] - -------------------------PASSED-------------------------
[11-08-2024 07:51:15.574 INFO com_nopcommerce_account.Level_17_ReportNG] - User_01- Step 01: Verify Title is displayed
[11-08-2024 07:51:16.484 INFO com_nopcommerce_account.Level_17_ReportNG] - User_01- Step 01: Verify Title is displayed
[11-08-2024 07:51:16.598 INFO com_nopcommerce_account.Level_17_ReportNG] - -------------------------FAILED-------------------------
[11-08-2024 07:51:16.601 INFO com_nopcommerce_account.Level_17_ReportNG] - User_01- Step 01: Verify Title 
[11-08-2024 07:51:16.715 INFO com_nopcommerce_account.Level_17_ReportNG] - -------------------------PASSED-------------------------
[11-08-2024 07:51:16.716 INFO com_nopcommerce_account.Level_17_ReportNG] - User_01- Step 02: Verify TextFooter1 
[11-08-2024 07:51:16.790 INFO com_nopcommerce_account.Level_17_ReportNG] - -------------------------FAILED-------------------------
[11-08-2024 07:51:16.791 INFO com_nopcommerce_account.Level_17_ReportNG] - User_01- Step 03: Verify TextFooter2 
[11-08-2024 07:51:16.875 INFO com_nopcommerce_account.Level_17_ReportNG] - -------------------------PASSED-------------------------
[11-08-2024 07:51:16.876 INFO com_nopcommerce_account.Level_17_ReportNG] - User_01- Step 04: Verify TextFooter13 
[11-08-2024 07:51:16.949 INFO com_nopcommerce_account.Level_17_ReportNG] - -------------------------PASSED-------------------------
[11-08-2024 08:02:18.913 INFO com_nopcommerce_account.Level_17_ReportNG] - User_01- Step 01: Verify Title is displayed
[11-08-2024 08:02:19.115 INFO com_nopcommerce_account.Level_17_ReportNG] - -------------------------FAILED-------------------------
[11-08-2024 08:02:19.116 INFO com_nopcommerce_account.Level_17_ReportNG] - User_01- Step 01: Verify Title 
[11-08-2024 08:02:19.212 INFO com_nopcommerce_account.Level_17_ReportNG] - -------------------------PASSED-------------------------
[11-08-2024 08:02:19.213 INFO com_nopcommerce_account.Level_17_ReportNG] - User_01- Step 02: Verify TextFooter1 
[11-08-2024 08:02:19.282 INFO com_nopcommerce_account.Level_17_ReportNG] - -------------------------FAILED-------------------------
[11-08-2024 08:02:19.282 INFO com_nopcommerce_account.Level_17_ReportNG] - User_01- Step 03: Verify TextFooter2 
[11-08-2024 08:02:19.389 INFO com_nopcommerce_account.Level_17_ReportNG] - -------------------------PASSED-------------------------
[11-08-2024 08:02:19.390 INFO com_nopcommerce_account.Level_17_ReportNG] - User_01- Step 04: Verify TextFooter13 
[11-08-2024 08:02:19.509 INFO com_nopcommerce_account.Level_17_ReportNG] - -------------------------PASSED-------------------------
[11-08-2024 08:02:19.789 INFO com_nopcommerce_account.Level_17_ReportNG] - User_01- Step 01: Verify Title is displayed
[11-08-2024 08:22:29.680 INFO com_nopcommerce_account.Level_17_ReportNG] - User_01- Step 01: Verify Title is displayed
[11-08-2024 08:22:29.919 INFO com_nopcommerce_account.Level_17_ReportNG] - -------------------------FAILED-------------------------
[11-08-2024 08:22:29.920 INFO com_nopcommerce_account.Level_17_ReportNG] - User_01- Step 01: Verify Title 
[11-08-2024 08:22:30.036 INFO com_nopcommerce_account.Level_17_ReportNG] - -------------------------PASSED-------------------------
[11-08-2024 08:22:30.037 INFO com_nopcommerce_account.Level_17_ReportNG] - User_01- Step 02: Verify TextFooter1 
[11-08-2024 08:22:30.100 INFO com_nopcommerce_account.Level_17_ReportNG] - -------------------------FAILED-------------------------
[11-08-2024 08:22:30.101 INFO com_nopcommerce_account.Level_17_ReportNG] - User_01- Step 03: Verify TextFooter2 
[11-08-2024 08:22:30.170 INFO com_nopcommerce_account.Level_17_ReportNG] - -------------------------PASSED-------------------------
[11-08-2024 08:22:30.171 INFO com_nopcommerce_account.Level_17_ReportNG] - User_01- Step 04: Verify TextFooter13 
[11-08-2024 08:22:30.266 INFO com_nopcommerce_account.Level_17_ReportNG] - -------------------------PASSED-------------------------
[11-08-2024 08:22:30.691 INFO com_nopcommerce_account.Level_17_ReportNG] - User_01- Step 01: Verify Title is displayed
[11-08-2024 08:26:38.537 INFO com_nopcommerce_account.Level_17_ReportNG] - User_01- Step 01: Verify Title is displayed
[11-08-2024 08:26:38.780 INFO com_nopcommerce_account.Level_17_ReportNG] - -------------------------FAILED-------------------------
[11-08-2024 08:26:38.781 INFO com_nopcommerce_account.Level_17_ReportNG] - User_01- Step 01: Verify Title 
[11-08-2024 08:26:38.870 INFO com_nopcommerce_account.Level_17_ReportNG] - -------------------------PASSED-------------------------
[11-08-2024 08:26:38.871 INFO com_nopcommerce_account.Level_17_ReportNG] - User_01- Step 02: Verify TextFooter1 
[11-08-2024 08:26:38.953 INFO com_nopcommerce_account.Level_17_ReportNG] - -------------------------FAILED-------------------------
[11-08-2024 08:26:38.953 INFO com_nopcommerce_account.Level_17_ReportNG] - User_01- Step 03: Verify TextFooter2 
[11-08-2024 08:26:39.026 INFO com_nopcommerce_account.Level_17_ReportNG] - -------------------------PASSED-------------------------
[11-08-2024 08:26:39.027 INFO com_nopcommerce_account.Level_17_ReportNG] - User_01- Step 04: Verify TextFooter13 
[11-08-2024 08:26:39.114 INFO com_nopcommerce_account.Level_17_ReportNG] - -------------------------PASSED-------------------------
[11-08-2024 08:26:39.375 INFO com_nopcommerce_account.Level_17_ReportNG] - User_01- Step 01: Verify Title is displayed
[11-08-2024 08:27:38.195 INFO com_nopcommerce_account.Level_17_ReportNG] - User_01- Step 01: Verify Title is displayed
[11-08-2024 08:27:38.411 INFO com_nopcommerce_account.Level_17_ReportNG] - -------------------------FAILED-------------------------
[11-08-2024 08:27:38.412 INFO com_nopcommerce_account.Level_17_ReportNG] - User_01- Step 01: Verify Title 
[11-08-2024 08:27:38.533 INFO com_nopcommerce_account.Level_17_ReportNG] - -------------------------PASSED-------------------------
[11-08-2024 08:27:38.534 INFO com_nopcommerce_account.Level_17_ReportNG] - User_01- Step 02: Verify TextFooter1 
[11-08-2024 08:27:38.615 INFO com_nopcommerce_account.Level_17_ReportNG] - -------------------------FAILED-------------------------
[11-08-2024 08:27:38.615 INFO com_nopcommerce_account.Level_17_ReportNG] - User_01- Step 03: Verify TextFooter2 
[11-08-2024 08:27:38.667 INFO com_nopcommerce_account.Level_17_ReportNG] - -------------------------PASSED-------------------------
[11-08-2024 08:27:38.668 INFO com_nopcommerce_account.Level_17_ReportNG] - User_01- Step 04: Verify TextFooter13 
[11-08-2024 08:27:38.733 INFO com_nopcommerce_account.Level_17_ReportNG] - -------------------------PASSED-------------------------
[11-08-2024 08:27:38.977 INFO com_nopcommerce_account.Level_17_ReportNG] - User_01- Step 01: Verify Title is displayed
[11-08-2024 08:32:47.226 INFO com_nopcommerce_account.Level_17_ReportNG] - User_01- Step 01: Verify Title is displayed
[11-08-2024 08:32:47.426 INFO com_nopcommerce_account.Level_17_ReportNG] - -------------------------FAILED-------------------------
[11-08-2024 08:32:47.426 INFO com_nopcommerce_account.Level_17_ReportNG] - User_01- Step 01: Verify Title 
[11-08-2024 08:32:47.565 INFO com_nopcommerce_account.Level_17_ReportNG] - -------------------------PASSED-------------------------
[11-08-2024 08:32:47.566 INFO com_nopcommerce_account.Level_17_ReportNG] - User_01- Step 02: Verify TextFooter1 
[11-08-2024 08:32:47.770 INFO com_nopcommerce_account.Level_17_ReportNG] - -------------------------FAILED-------------------------
[11-08-2024 08:32:47.771 INFO com_nopcommerce_account.Level_17_ReportNG] - User_01- Step 03: Verify TextFooter2 
[11-08-2024 08:32:47.888 INFO com_nopcommerce_account.Level_17_ReportNG] - -------------------------PASSED-------------------------
[11-08-2024 08:32:47.889 INFO com_nopcommerce_account.Level_17_ReportNG] - User_01- Step 04: Verify TextFooter13 
[11-08-2024 08:32:47.995 INFO com_nopcommerce_account.Level_17_ReportNG] - -------------------------PASSED-------------------------
[11-08-2024 08:32:48.233 INFO com_nopcommerce_account.Level_17_ReportNG] - User_01- Step 01: Verify Title is displayed
[11-08-2024 08:42:38.135 INFO com_nopcommerce_account.Level_17_ReportNG] - User_01- Step 01: Verify Title is displayed
[11-08-2024 08:42:38.325 INFO com_nopcommerce_account.Level_17_ReportNG] - -------------------------FAILED-------------------------
[11-08-2024 08:42:38.326 INFO com_nopcommerce_account.Level_17_ReportNG] - User_01- Step 01: Verify Title 
[11-08-2024 08:42:38.403 INFO com_nopcommerce_account.Level_17_ReportNG] - -------------------------PASSED-------------------------
[11-08-2024 08:42:38.404 INFO com_nopcommerce_account.Level_17_ReportNG] - User_01- Step 02: Verify TextFooter1 
[11-08-2024 08:42:38.467 INFO com_nopcommerce_account.Level_17_ReportNG] - -------------------------FAILED-------------------------
[11-08-2024 08:42:38.467 INFO com_nopcommerce_account.Level_17_ReportNG] - User_01- Step 03: Verify TextFooter2 
[11-08-2024 08:42:38.517 INFO com_nopcommerce_account.Level_17_ReportNG] - -------------------------PASSED-------------------------
[11-08-2024 08:42:38.517 INFO com_nopcommerce_account.Level_17_ReportNG] - User_01- Step 04: Verify TextFooter13 
[11-08-2024 08:42:38.564 INFO com_nopcommerce_account.Level_17_ReportNG] - -------------------------PASSED-------------------------
[11-08-2024 08:44:13.768 INFO com_nopcommerce_account.Level_17_ReportNG] - User_01- Step 01: Verify Title is displayed
[11-08-2024 08:44:13.955 INFO com_nopcommerce_account.Level_17_ReportNG] - -------------------------FAILED-------------------------
[11-08-2024 08:44:13.956 INFO com_nopcommerce_account.Level_17_ReportNG] - User_01- Step 01: Verify Title 
[11-08-2024 08:44:14.014 INFO com_nopcommerce_account.Level_17_ReportNG] - -------------------------PASSED-------------------------
[11-08-2024 08:44:14.014 INFO com_nopcommerce_account.Level_17_ReportNG] - User_01- Step 02: Verify TextFooter1 
[11-08-2024 08:44:14.067 INFO com_nopcommerce_account.Level_17_ReportNG] - -------------------------FAILED-------------------------
[11-08-2024 08:44:14.067 INFO com_nopcommerce_account.Level_17_ReportNG] - User_01- Step 03: Verify TextFooter2 
[11-08-2024 08:44:14.116 INFO com_nopcommerce_account.Level_17_ReportNG] - -------------------------PASSED-------------------------
[11-08-2024 08:44:14.117 INFO com_nopcommerce_account.Level_17_ReportNG] - User_01- Step 04: Verify TextFooter13 
[11-08-2024 08:44:14.161 INFO com_nopcommerce_account.Level_17_ReportNG] - -------------------------PASSED-------------------------
[11-08-2024 08:44:14.325 INFO com_nopcommerce_account.Level_17_ReportNG] - User_01- Step 01: Verify Title is displayed
[11-08-2024 08:58:47.916 INFO com_nopcommerce_account.Level_17_ReportNG] - User_01- Step 01: Verify Title is displayed
[11-08-2024 08:58:48.179 INFO com_nopcommerce_account.Level_17_ReportNG] - -------------------------FAILED-------------------------
[11-08-2024 08:58:48.181 INFO com_nopcommerce_account.Level_17_ReportNG] - User_01- Step 01: Verify Title 
[11-08-2024 08:58:48.274 INFO com_nopcommerce_account.Level_17_ReportNG] - -------------------------PASSED-------------------------
[11-08-2024 08:58:48.274 INFO com_nopcommerce_account.Level_17_ReportNG] - User_01- Step 02: Verify TextFooter1 
[11-08-2024 08:58:48.342 INFO com_nopcommerce_account.Level_17_ReportNG] - -------------------------FAILED-------------------------
[11-08-2024 08:58:48.343 INFO com_nopcommerce_account.Level_17_ReportNG] - User_01- Step 03: Verify TextFooter2 
[11-08-2024 08:58:48.405 INFO com_nopcommerce_account.Level_17_ReportNG] - -------------------------PASSED-------------------------
[11-08-2024 08:58:48.405 INFO com_nopcommerce_account.Level_17_ReportNG] - User_01- Step 04: Verify TextFooter13 
[11-08-2024 08:58:48.483 INFO com_nopcommerce_account.Level_17_ReportNG] - -------------------------PASSED-------------------------
[11-08-2024 08:58:48.711 INFO com_nopcommerce_account.Level_17_ReportNG] - User_01- Step 01: Verify Title is displayed
[11-08-2024 09:03:55.745 INFO com_nopcommerce_account.Level_17_ReportNG] - Starting delete all file in ReportNG screenshot
[11-08-2024 09:03:55.764 INFO com_nopcommerce_account.Level_17_ReportNG] - Deleted success
[11-08-2024 09:04:03.680 INFO com_nopcommerce_account.Level_17_ReportNG] - User_01- Step 01: Verify Title is displayed
[11-08-2024 09:04:03.801 INFO com_nopcommerce_account.Level_17_ReportNG] - -------------------------FAILED-------------------------
[11-08-2024 09:04:03.801 INFO com_nopcommerce_account.Level_17_ReportNG] - User_01- Step 01: Verify Title 
[11-08-2024 09:04:03.907 INFO com_nopcommerce_account.Level_17_ReportNG] - -------------------------PASSED-------------------------
[11-08-2024 09:04:03.908 INFO com_nopcommerce_account.Level_17_ReportNG] - User_01- Step 02: Verify TextFooter1 
[11-08-2024 09:04:04.006 INFO com_nopcommerce_account.Level_17_ReportNG] - -------------------------FAILED-------------------------
[11-08-2024 09:04:04.007 INFO com_nopcommerce_account.Level_17_ReportNG] - User_01- Step 03: Verify TextFooter2 
[11-08-2024 09:04:04.085 INFO com_nopcommerce_account.Level_17_ReportNG] - -------------------------PASSED-------------------------
[11-08-2024 09:04:04.086 INFO com_nopcommerce_account.Level_17_ReportNG] - User_01- Step 04: Verify TextFooter13 
[11-08-2024 09:04:04.170 INFO com_nopcommerce_account.Level_17_ReportNG] - -------------------------PASSED-------------------------
[11-08-2024 09:04:04.440 INFO com_nopcommerce_account.Level_17_ReportNG] - User_01- Step 01: Verify Title is displayed
[11-08-2024 11:40:58.966 INFO com_nopcommerce_account.Level_18_Extent_V5] - Starting delete all file in ReportNG screenshot
[11-08-2024 11:40:58.985 INFO com_nopcommerce_account.Level_18_Extent_V5] - Deleted success
[11-08-2024 12:02:09.217 INFO com_nopcommerce_account.Level_18_Extent_V5] - Starting delete all file in ReportNG screenshot
[11-08-2024 12:02:09.261 INFO com_nopcommerce_account.Level_18_Extent_V5] - Deleted success
[11-08-2024 12:10:19.770 INFO com_nopcommerce_account.Level_18_Extent_V5] - Starting delete all file in ReportNG screenshot
[11-08-2024 12:10:19.808 INFO com_nopcommerce_account.Level_18_Extent_V5] - Deleted success
[11-08-2024 12:13:01.405 INFO com_nopcommerce_account.Level_18_Extent_V5] - Starting delete all file in ReportNG screenshot
[11-08-2024 12:13:01.408 INFO com_nopcommerce_account.Level_18_Extent_V5] - Deleted success
[11-08-2024 12:28:00.499 INFO com_nopcommerce_account.Level_18_Extent_V5] - Starting delete all file in ReportNG screenshot
[11-08-2024 12:28:00.526 INFO com_nopcommerce_account.Level_18_Extent_V5] - Deleted success
[11-08-2024 12:28:10.533 INFO com_nopcommerce_account.Level_18_Extent_V5] - -------------------------FAILED-------------------------
[11-08-2024 12:28:10.592 INFO com_nopcommerce_account.Level_18_Extent_V5] - -------------------------PASSED-------------------------
[11-08-2024 12:28:10.634 INFO com_nopcommerce_account.Level_18_Extent_V5] - -------------------------FAILED-------------------------
[11-08-2024 12:28:10.681 INFO com_nopcommerce_account.Level_18_Extent_V5] - -------------------------PASSED-------------------------
[11-08-2024 12:28:10.723 INFO com_nopcommerce_account.Level_18_Extent_V5] - -------------------------PASSED-------------------------
[11-08-2024 13:01:21.398 INFO com_nopcommerce_account.Level_18_Extent_V5] - Starting delete all file in ReportNG screenshot
[11-08-2024 13:01:21.414 INFO com_nopcommerce_account.Level_18_Extent_V5] - Deleted success
[11-08-2024 13:01:35.764 INFO com_nopcommerce_account.Level_18_Extent_V5] - -------------------------FAILED-------------------------
[11-08-2024 13:01:35.883 INFO com_nopcommerce_account.Level_18_Extent_V5] - -------------------------PASSED-------------------------
[11-08-2024 13:01:35.965 INFO com_nopcommerce_account.Level_18_Extent_V5] - -------------------------FAILED-------------------------
[11-08-2024 13:01:36.028 INFO com_nopcommerce_account.Level_18_Extent_V5] - -------------------------PASSED-------------------------
[11-08-2024 13:01:36.099 INFO com_nopcommerce_account.Level_18_Extent_V5] - -------------------------PASSED-------------------------
[11-08-2024 13:04:06.799 INFO com_nopcommerce_account.Level_18_Extent_V5] - Starting delete all file in ReportNG screenshot
[11-08-2024 13:04:06.829 INFO com_nopcommerce_account.Level_18_Extent_V5] - Deleted success
[11-08-2024 13:04:16.943 INFO com_nopcommerce_account.Level_18_Extent_V5] - -------------------------FAILED-------------------------
[11-08-2024 13:04:17.025 INFO com_nopcommerce_account.Level_18_Extent_V5] - -------------------------PASSED-------------------------
[11-08-2024 13:04:17.089 INFO com_nopcommerce_account.Level_18_Extent_V5] - -------------------------FAILED-------------------------
[11-08-2024 13:04:17.146 INFO com_nopcommerce_account.Level_18_Extent_V5] - -------------------------PASSED-------------------------
[11-08-2024 13:04:17.210 INFO com_nopcommerce_account.Level_18_Extent_V5] - -------------------------PASSED-------------------------
