[10-08-2024 19:23:05.587 INFO com_nopcommerce_account.Level_15_Assert_Verify_Sai_Test_Report] - User_01- Step 01: Verify Title is displayed
[10-08-2024 19:23:05.730 INFO com_nopcommerce_account.Level_15_Assert_Verify_Sai_Test_Report] - -------------------------FAILED-------------------------
[10-08-2024 19:23:05.732 INFO com_nopcommerce_account.Level_15_Assert_Verify_Sai_Test_Report] - User_01- Step 01: Verify Title 
[10-08-2024 19:23:05.802 INFO com_nopcommerce_account.Level_15_Assert_Verify_Sai_Test_Report] - -------------------------PASSED-------------------------
[10-08-2024 19:23:05.803 INFO com_nopcommerce_account.Level_15_Assert_Verify_Sai_Test_Report] - User_01- Step 02: Verify TextFooter1 
[10-08-2024 19:23:05.861 INFO com_nopcommerce_account.Level_15_Assert_Verify_Sai_Test_Report] - -------------------------FAILED-------------------------
[10-08-2024 19:23:05.861 INFO com_nopcommerce_account.Level_15_Assert_Verify_Sai_Test_Report] - User_01- Step 03: Verify TextFooter2 
[10-08-2024 19:23:05.898 INFO com_nopcommerce_account.Level_15_Assert_Verify_Sai_Test_Report] - -------------------------PASSED-------------------------
[10-08-2024 19:23:05.899 INFO com_nopcommerce_account.Level_15_Assert_Verify_Sai_Test_Report] - User_01- Step 04: Verify TextFooter13 
[10-08-2024 19:23:05.936 INFO com_nopcommerce_account.Level_15_Assert_Verify_Sai_Test_Report] - -------------------------PASSED-------------------------
[10-08-2024 19:23:05.948 INFO com_nopcommerce_account.Level_15_Assert_Verify_Sai_Test_Report] - User_01- Step 01: Verify Title is displayed
[10-08-2024 19:23:05.988 INFO com_nopcommerce_account.Level_15_Assert_Verify_Sai_Test_Report] - -------------------------PASSED-------------------------
[10-08-2024 19:23:05.988 INFO com_nopcommerce_account.Level_15_Assert_Verify_Sai_Test_Report] - User_01- Step 01: Verify Title 
[10-08-2024 19:23:06.023 INFO com_nopcommerce_account.Level_15_Assert_Verify_Sai_Test_Report] - -------------------------PASSED-------------------------
[10-08-2024 19:23:06.023 INFO com_nopcommerce_account.Level_15_Assert_Verify_Sai_Test_Report] - User_01- Step 02: Verify TextFooter1 
[10-08-2024 19:23:06.065 INFO com_nopcommerce_account.Level_15_Assert_Verify_Sai_Test_Report] - -------------------------PASSED-------------------------
[10-08-2024 19:23:06.066 INFO com_nopcommerce_account.Level_15_Assert_Verify_Sai_Test_Report] - User_01- Step 03: Verify TextFooter2 
[10-08-2024 19:23:06.112 INFO com_nopcommerce_account.Level_15_Assert_Verify_Sai_Test_Report] - -------------------------PASSED-------------------------
[10-08-2024 19:23:06.112 INFO com_nopcommerce_account.Level_15_Assert_Verify_Sai_Test_Report] - User_01- Step 04: Verify TextFooter13 
[10-08-2024 19:23:06.161 INFO com_nopcommerce_account.Level_15_Assert_Verify_Sai_Test_Report] - -------------------------PASSED-------------------------
[10-08-2024 19:23:12.619 INFO com_nopcommerce_account.Level_15_Assert_Verify_Sai_Test_Report] - User_01- Step 01: Verify Title is displayed
[10-08-2024 19:23:12.673 INFO com_nopcommerce_account.Level_15_Assert_Verify_Sai_Test_Report] - -------------------------FAILED-------------------------
[10-08-2024 19:23:12.673 INFO com_nopcommerce_account.Level_15_Assert_Verify_Sai_Test_Report] - User_01- Step 01: Verify Title 
[10-08-2024 19:23:12.719 INFO com_nopcommerce_account.Level_15_Assert_Verify_Sai_Test_Report] - -------------------------PASSED-------------------------
[10-08-2024 19:23:12.719 INFO com_nopcommerce_account.Level_15_Assert_Verify_Sai_Test_Report] - User_01- Step 02: Verify TextFooter1 
[10-08-2024 19:23:12.759 INFO com_nopcommerce_account.Level_15_Assert_Verify_Sai_Test_Report] - -------------------------FAILED-------------------------
[10-08-2024 19:23:12.759 INFO com_nopcommerce_account.Level_15_Assert_Verify_Sai_Test_Report] - User_01- Step 03: Verify TextFooter2 
[10-08-2024 19:23:12.794 INFO com_nopcommerce_account.Level_15_Assert_Verify_Sai_Test_Report] - -------------------------PASSED-------------------------
[10-08-2024 19:23:12.794 INFO com_nopcommerce_account.Level_15_Assert_Verify_Sai_Test_Report] - User_01- Step 04: Verify TextFooter13 
[10-08-2024 19:23:12.838 INFO com_nopcommerce_account.Level_15_Assert_Verify_Sai_Test_Report] - -------------------------PASSED-------------------------
[10-08-2024 19:23:12.843 INFO com_nopcommerce_account.Level_15_Assert_Verify_Sai_Test_Report] - User_01- Step 01: Verify Title is displayed
[10-08-2024 19:23:12.888 INFO com_nopcommerce_account.Level_15_Assert_Verify_Sai_Test_Report] - -------------------------PASSED-------------------------
[10-08-2024 19:23:12.888 INFO com_nopcommerce_account.Level_15_Assert_Verify_Sai_Test_Report] - User_01- Step 01: Verify Title 
[10-08-2024 19:23:12.931 INFO com_nopcommerce_account.Level_15_Assert_Verify_Sai_Test_Report] - -------------------------PASSED-------------------------
[10-08-2024 19:23:12.933 INFO com_nopcommerce_account.Level_15_Assert_Verify_Sai_Test_Report] - User_01- Step 02: Verify TextFooter1 
[10-08-2024 19:23:12.969 INFO com_nopcommerce_account.Level_15_Assert_Verify_Sai_Test_Report] - -------------------------PASSED-------------------------
[10-08-2024 19:23:12.969 INFO com_nopcommerce_account.Level_15_Assert_Verify_Sai_Test_Report] - User_01- Step 03: Verify TextFooter2 
[10-08-2024 19:23:13.002 INFO com_nopcommerce_account.Level_15_Assert_Verify_Sai_Test_Report] - -------------------------PASSED-------------------------
[10-08-2024 19:23:13.003 INFO com_nopcommerce_account.Level_15_Assert_Verify_Sai_Test_Report] - User_01- Step 04: Verify TextFooter13 
[10-08-2024 19:23:13.040 INFO com_nopcommerce_account.Level_15_Assert_Verify_Sai_Test_Report] - -------------------------PASSED-------------------------
[10-08-2024 19:23:18.896 INFO com_nopcommerce_account.Level_15_Assert_Verify_Sai_Test_Report] - User_01- Step 01: Verify Title is displayed
[10-08-2024 19:23:29.023 INFO com_nopcommerce_account.Level_15_Assert_Verify_Sai_Test_Report] - User_01- Step 01: Verify Title is displayed
