[10-08-2024 19:14:47.809 INFO com_nopcommerce_account.Level_15_Assert_Verify_Sai_Test_Report] - User_01- Step 01: Verify Title is displayed
[10-08-2024 19:14:47.943 INFO com_nopcommerce_account.Level_15_Assert_Verify_Sai_Test_Report] - -------------------------FAILED-------------------------
[10-08-2024 19:14:47.944 INFO com_nopcommerce_account.Level_15_Assert_Verify_Sai_Test_Report] - User_01- Step 01: Verify Title 
[10-08-2024 19:14:47.994 INFO com_nopcommerce_account.Level_15_Assert_Verify_Sai_Test_Report] - -------------------------PASSED-------------------------
[10-08-2024 19:14:47.995 INFO com_nopcommerce_account.Level_15_Assert_Verify_Sai_Test_Report] - User_01- Step 02: Verify TextFooter1 
[10-08-2024 19:14:48.039 INFO com_nopcommerce_account.Level_15_Assert_Verify_Sai_Test_Report] - -------------------------FAILED-------------------------
[10-08-2024 19:14:48.039 INFO com_nopcommerce_account.Level_15_Assert_Verify_Sai_Test_Report] - User_01- Step 03: Verify TextFooter2 
[10-08-2024 19:14:48.101 INFO com_nopcommerce_account.Level_15_Assert_Verify_Sai_Test_Report] - -------------------------PASSED-------------------------
[10-08-2024 19:14:48.101 INFO com_nopcommerce_account.Level_15_Assert_Verify_Sai_Test_Report] - User_01- Step 04: Verify TextFooter13 
[10-08-2024 19:14:48.143 INFO com_nopcommerce_account.Level_15_Assert_Verify_Sai_Test_Report] - -------------------------PASSED-------------------------
[10-08-2024 19:14:48.166 INFO com_nopcommerce_account.Level_15_Assert_Verify_Sai_Test_Report] - User_01- Step 01: Verify Title is displayed
[10-08-2024 19:14:48.252 INFO com_nopcommerce_account.Level_15_Assert_Verify_Sai_Test_Report] - -------------------------PASSED-------------------------
[10-08-2024 19:14:48.252 INFO com_nopcommerce_account.Level_15_Assert_Verify_Sai_Test_Report] - User_01- Step 01: Verify Title 
[10-08-2024 19:14:48.297 INFO com_nopcommerce_account.Level_15_Assert_Verify_Sai_Test_Report] - -------------------------PASSED-------------------------
[10-08-2024 19:14:48.298 INFO com_nopcommerce_account.Level_15_Assert_Verify_Sai_Test_Report] - User_01- Step 02: Verify TextFooter1 
[10-08-2024 19:14:48.337 INFO com_nopcommerce_account.Level_15_Assert_Verify_Sai_Test_Report] - -------------------------PASSED-------------------------
[10-08-2024 19:14:48.337 INFO com_nopcommerce_account.Level_15_Assert_Verify_Sai_Test_Report] - User_01- Step 03: Verify TextFooter2 
[10-08-2024 19:14:48.385 INFO com_nopcommerce_account.Level_15_Assert_Verify_Sai_Test_Report] - -------------------------PASSED-------------------------
[10-08-2024 19:14:48.386 INFO com_nopcommerce_account.Level_15_Assert_Verify_Sai_Test_Report] - User_01- Step 04: Verify TextFooter13 
[10-08-2024 19:14:48.431 INFO com_nopcommerce_account.Level_15_Assert_Verify_Sai_Test_Report] - -------------------------PASSED-------------------------
