[10-08-2024 19:29:13.083 INFO com_nopcommerce_account.Level_15_Assert_Verify_Sai_Test_Report] - User_01- Step 01: Verify Title is displayed
[10-08-2024 19:29:13.237 INFO com_nopcommerce_account.Level_15_Assert_Verify_Sai_Test_Report] - -------------------------FAILED-------------------------
[10-08-2024 19:29:13.237 INFO com_nopcommerce_account.Level_15_Assert_Verify_Sai_Test_Report] - User_01- Step 01: Verify Title 
[10-08-2024 19:29:13.289 INFO com_nopcommerce_account.Level_15_Assert_Verify_Sai_Test_Report] - -------------------------PASSED-------------------------
[10-08-2024 19:29:13.290 INFO com_nopcommerce_account.Level_15_Assert_Verify_Sai_Test_Report] - User_01- Step 02: Verify TextFooter1 
[10-08-2024 19:29:13.348 INFO com_nopcommerce_account.Level_15_Assert_Verify_Sai_Test_Report] - -------------------------FAILED-------------------------
[10-08-2024 19:29:13.349 INFO com_nopcommerce_account.Level_15_Assert_Verify_Sai_Test_Report] - User_01- Step 03: Verify TextFooter2 
[10-08-2024 19:29:13.392 INFO com_nopcommerce_account.Level_15_Assert_Verify_Sai_Test_Report] - -------------------------PASSED-------------------------
[10-08-2024 19:29:13.394 INFO com_nopcommerce_account.Level_15_Assert_Verify_Sai_Test_Report] - User_01- Step 04: Verify TextFooter13 
[10-08-2024 19:29:13.443 INFO com_nopcommerce_account.Level_15_Assert_Verify_Sai_Test_Report] - -------------------------PASSED-------------------------
[10-08-2024 19:29:13.500 INFO com_nopcommerce_account.Level_15_Assert_Verify_Sai_Test_Report] - User_01- Step 01: Verify Title is displayed
[10-08-2024 19:29:13.556 INFO com_nopcommerce_account.Level_15_Assert_Verify_Sai_Test_Report] - -------------------------PASSED-------------------------
[10-08-2024 19:29:13.557 INFO com_nopcommerce_account.Level_15_Assert_Verify_Sai_Test_Report] - User_01- Step 01: Verify Title 
[10-08-2024 19:29:13.622 INFO com_nopcommerce_account.Level_15_Assert_Verify_Sai_Test_Report] - -------------------------PASSED-------------------------
[10-08-2024 19:29:13.622 INFO com_nopcommerce_account.Level_15_Assert_Verify_Sai_Test_Report] - User_01- Step 02: Verify TextFooter1 
[10-08-2024 19:29:13.679 INFO com_nopcommerce_account.Level_15_Assert_Verify_Sai_Test_Report] - -------------------------PASSED-------------------------
[10-08-2024 19:29:13.679 INFO com_nopcommerce_account.Level_15_Assert_Verify_Sai_Test_Report] - User_01- Step 03: Verify TextFooter2 
[10-08-2024 19:29:13.747 INFO com_nopcommerce_account.Level_15_Assert_Verify_Sai_Test_Report] - -------------------------PASSED-------------------------
[10-08-2024 19:29:13.748 INFO com_nopcommerce_account.Level_15_Assert_Verify_Sai_Test_Report] - User_01- Step 04: Verify TextFooter13 
[10-08-2024 19:29:13.821 INFO com_nopcommerce_account.Level_15_Assert_Verify_Sai_Test_Report] - -------------------------PASSED-------------------------
[10-08-2024 19:29:19.071 INFO com_nopcommerce_account.Level_15_Assert_Verify_Sai_Test_Report] - User_01- Step 01: Verify Title is displayed
[10-08-2024 19:29:19.152 INFO com_nopcommerce_account.Level_15_Assert_Verify_Sai_Test_Report] - -------------------------FAILED-------------------------
[10-08-2024 19:29:19.153 INFO com_nopcommerce_account.Level_15_Assert_Verify_Sai_Test_Report] - User_01- Step 01: Verify Title 
[10-08-2024 19:29:19.216 INFO com_nopcommerce_account.Level_15_Assert_Verify_Sai_Test_Report] - -------------------------PASSED-------------------------
[10-08-2024 19:29:19.217 INFO com_nopcommerce_account.Level_15_Assert_Verify_Sai_Test_Report] - User_01- Step 02: Verify TextFooter1 
[10-08-2024 19:29:19.261 INFO com_nopcommerce_account.Level_15_Assert_Verify_Sai_Test_Report] - -------------------------FAILED-------------------------
[10-08-2024 19:29:19.261 INFO com_nopcommerce_account.Level_15_Assert_Verify_Sai_Test_Report] - User_01- Step 03: Verify TextFooter2 
[10-08-2024 19:29:19.309 INFO com_nopcommerce_account.Level_15_Assert_Verify_Sai_Test_Report] - -------------------------PASSED-------------------------
[10-08-2024 19:29:19.310 INFO com_nopcommerce_account.Level_15_Assert_Verify_Sai_Test_Report] - User_01- Step 04: Verify TextFooter13 
[10-08-2024 19:29:19.359 INFO com_nopcommerce_account.Level_15_Assert_Verify_Sai_Test_Report] - -------------------------PASSED-------------------------
[10-08-2024 19:29:19.366 INFO com_nopcommerce_account.Level_15_Assert_Verify_Sai_Test_Report] - User_01- Step 01: Verify Title is displayed
[10-08-2024 19:29:19.404 INFO com_nopcommerce_account.Level_15_Assert_Verify_Sai_Test_Report] - -------------------------PASSED-------------------------
[10-08-2024 19:29:19.404 INFO com_nopcommerce_account.Level_15_Assert_Verify_Sai_Test_Report] - User_01- Step 01: Verify Title 
[10-08-2024 19:29:19.443 INFO com_nopcommerce_account.Level_15_Assert_Verify_Sai_Test_Report] - -------------------------PASSED-------------------------
[10-08-2024 19:29:19.443 INFO com_nopcommerce_account.Level_15_Assert_Verify_Sai_Test_Report] - User_01- Step 02: Verify TextFooter1 
[10-08-2024 19:29:19.476 INFO com_nopcommerce_account.Level_15_Assert_Verify_Sai_Test_Report] - -------------------------PASSED-------------------------
[10-08-2024 19:29:19.476 INFO com_nopcommerce_account.Level_15_Assert_Verify_Sai_Test_Report] - User_01- Step 03: Verify TextFooter2 
[10-08-2024 19:29:19.511 INFO com_nopcommerce_account.Level_15_Assert_Verify_Sai_Test_Report] - -------------------------PASSED-------------------------
[10-08-2024 19:29:19.512 INFO com_nopcommerce_account.Level_15_Assert_Verify_Sai_Test_Report] - User_01- Step 04: Verify TextFooter13 
[10-08-2024 19:29:19.550 INFO com_nopcommerce_account.Level_15_Assert_Verify_Sai_Test_Report] - -------------------------PASSED-------------------------
[10-08-2024 19:29:23.207 INFO com_nopcommerce_account.Level_15_Assert_Verify_Sai_Test_Report] - User_01- Step 01: Verify Title is displayed
[10-08-2024 19:29:33.453 INFO com_nopcommerce_account.Level_15_Assert_Verify_Sai_Test_Report] - User_01- Step 01: Verify Title is displayed
